<?xml version="1.0" encoding="UTF-8"?>
<!-- Generated by org.testng.reporters.JUnitReportReporter -->
<testsuite hostname="DESKTOP-1JMU8M3" name="testCases.LoginTestWithDataProvider" tests="2" failures="0" timestamp="15 Feb 2020 19:45:39 GMT" time="4.120" errors="0">
  <testcase name="userProf" time="2.157" classname="testCases.LoginTestWithDataProvider"/>
  <testcase name="loginToAP" time="1.963" classname="testCases.LoginTestWithDataProvider"/>
</testsuite> <!-- testCases.LoginTestWithDataProvider -->
