<?xml version="1.0" encoding="UTF-8"?>
<!-- Generated by org.testng.reporters.JUnitReportReporter -->
<testsuite hostname="DESKTOP-1JMU8M3" name="testCases.MortCalc" tests="3" failures="0" timestamp="16 Feb 2020 14:52:05 GMT" time="7.176" errors="0">
  <testcase name="mort2" time="2.093" classname="testCases.MortCalc"/>
  <testcase name="mort3" time="2.453" classname="testCases.MortCalc"/>
  <testcase name="mort1" time="2.630" classname="testCases.MortCalc"/>
</testsuite> <!-- testCases.MortCalc -->
